<?xml version="1.0" encoding="UTF-8"?>
<!-- Generated by org.testng.reporters.JUnitXMLReporter -->
<testsuite ignored="3" hostname="Lenovo" failures="0" tests="3" name="Test" time="126.635" errors="0" timestamp="2024-03-30T08:11:09 IST">
  <testcase classname="org.openmrs.demo.OpenMRSDataDrivenTest" name="registerPatientTest" time="23.366"/>
  <testcase classname="org.openmrs.demo.OpenMRSDataDrivenTest" name="registerPatientTest" time="12.825"/>
  <testcase classname="org.openmrs.demo.OpenMRSDataDrivenTest" name="registerPatientTest" time="13.154"/>
  <testcase classname="org.openmrs.demo.OpenMRSDataDrivenTest" name="activeVisitsTest" time="0.0">
    <ignored/>
  </testcase> <!-- activeVisitsTest -->
  <testcase classname="org.openmrs.demo.OpenMRSDataDrivenTest" name="findPatientTest" time="0.0">
    <ignored/>
  </testcase> <!-- findPatientTest -->
  <testcase classname="org.openmrs.demo.OpenMRSDataDrivenTest" name="deletePatientTest" time="0.0">
    <ignored/>
  </testcase> <!-- deletePatientTest -->
</testsuite> <!-- Test -->
