<?xml version="1.0" encoding="UTF-8"?>
<!-- Generated by org.testng.reporters.JUnitXMLReporter -->
<testsuite ignored="2" hostname="Lenovo" failures="1" tests="2" name="Test" time="95.708" errors="0" timestamp="2024-03-22T09:39:21 IST">
  <testcase classname="org.openmrs.OpenMRSTestNGTest" name="registerPatientTest" time="18.431"/>
  <testcase classname="org.openmrs.OpenMRSTestNGTest" name="activeVisitsTest" time="13.53">
    <failure type="java.lang.AssertionError" message="Verify Patient Id in Search Result expected [100LUK] but found [100LUKRecent]">
      <![CDATA[java.lang.AssertionError: Verify Patient Id in Search Result expected [100LUK] but found [100LUKRecent]
at org.openmrs.OpenMRSTestNGTest.activeVisitsTest(OpenMRSTestNGTest.java:69)
at java.base/java.util.ArrayList.forEach(ArrayList.java:1541)
... Removed 32 stack frames]]>
    </failure>
  </testcase> <!-- activeVisitsTest -->
  <testcase classname="org.openmrs.OpenMRSTestNGTest" name="deletePatientTest" time="0.0">
    <ignored/>
  </testcase> <!-- deletePatientTest -->
  <testcase classname="org.openmrs.OpenMRSTestNGTest" name="findPatientTest" time="0.0">
    <ignored/>
  </testcase> <!-- findPatientTest -->
</testsuite> <!-- Test -->
