<?xml version="1.0" encoding="UTF-8"?>
<!-- Generated by org.testng.reporters.JUnitXMLReporter -->
<testsuite ignored="3" hostname="Lenovo" failures="0" tests="3" name="Test" time="142.064" errors="0" timestamp="2024-04-01T07:36:29 IST">
  <testcase classname="org.openmrs.demo.OpenMRSKeywordDrivenTest" name="registerPatientTest" time="23.089"/>
  <testcase classname="org.openmrs.demo.OpenMRSKeywordDrivenTest" name="registerPatientTest" time="13.832"/>
  <testcase classname="org.openmrs.demo.OpenMRSKeywordDrivenTest" name="registerPatientTest" time="14.855"/>
  <testcase classname="org.openmrs.demo.OpenMRSKeywordDrivenTest" name="deletePatientTest" time="0.0">
    <ignored/>
  </testcase> <!-- deletePatientTest -->
  <testcase classname="org.openmrs.demo.OpenMRSKeywordDrivenTest" name="findPatientTest" time="0.0">
    <ignored/>
  </testcase> <!-- findPatientTest -->
  <testcase classname="org.openmrs.demo.OpenMRSKeywordDrivenTest" name="activeVisitsTest" time="0.0">
    <ignored/>
  </testcase> <!-- activeVisitsTest -->
</testsuite> <!-- Test -->
