<?xml version="1.0" encoding="UTF-8"?>
<testng-results ignored="3" total="6" passed="3" failed="0" skipped="0">
  <reporter-output>
    <line>
      <![CDATA[<span style="color:green"><strong>Verify Home Page</strong></span>]]>
    </line>
    <line>
      <![CDATA[<img src=" C:\Users\RAJU CHELLE\git\repository\SeleniumDataDrivenMavenProjet\src\test\resources\screenshots\20240930080952.jpg">]]>
    </line>
    <line>
      <![CDATA[<span style="color:green"><strong>Verify Regiter Patient Page Page</strong></span>]]>
    </line>
    <line>
      <![CDATA[<img src=" C:\Users\RAJU CHELLE\git\repository\SeleniumDataDrivenMavenProjet\src\test\resources\screenshots\20240930080959.jpg">]]>
    </line>
    <line>
      <![CDATA[<span style="color:green"><strong>Verify Registration Details</strong></span>]]>
    </line>
    <line>
      <![CDATA[<img src=" C:\Users\RAJU CHELLE\git\repository\SeleniumDataDrivenMavenProjet\src\test\resources\screenshots\20241030081004.jpg">]]>
    </line>
    <line>
      <![CDATA[<span style="color:green"><strong>Verify Registered Details</strong></span>]]>
    </line>
    <line>
      <![CDATA[<img src=" C:\Users\RAJU CHELLE\git\repository\SeleniumDataDrivenMavenProjet\src\test\resources\screenshots\20241030081015.jpg">]]>
    </line>
    <line>
      <![CDATA[<span style="color:green"><strong>Verify Home Page</strong></span>]]>
    </line>
    <line>
      <![CDATA[<img src=" C:\Users\RAJU CHELLE\git\repository\SeleniumDataDrivenMavenProjet\src\test\resources\screenshots\20241030081025.jpg">]]>
    </line>
    <line>
      <![CDATA[<span style="color:green"><strong>Verify Regiter Patient Page Page</strong></span>]]>
    </line>
    <line>
      <![CDATA[<img src=" C:\Users\RAJU CHELLE\git\repository\SeleniumDataDrivenMavenProjet\src\test\resources\screenshots\20241030081029.jpg">]]>
    </line>
    <line>
      <![CDATA[<span style="color:green"><strong>Verify Registration Details</strong></span>]]>
    </line>
    <line>
      <![CDATA[<img src=" C:\Users\RAJU CHELLE\git\repository\SeleniumDataDrivenMavenProjet\src\test\resources\screenshots\20241030081033.jpg">]]>
    </line>
    <line>
      <![CDATA[<span style="color:green"><strong>Verify Registered Details</strong></span>]]>
    </line>
    <line>
      <![CDATA[<img src=" C:\Users\RAJU CHELLE\git\repository\SeleniumDataDrivenMavenProjet\src\test\resources\screenshots\20241030081038.jpg">]]>
    </line>
    <line>
      <![CDATA[<span style="color:green"><strong>Verify Home Page</strong></span>]]>
    </line>
    <line>
      <![CDATA[<img src=" C:\Users\RAJU CHELLE\git\repository\SeleniumDataDrivenMavenProjet\src\test\resources\screenshots\20241030081048.jpg">]]>
    </line>
    <line>
      <![CDATA[<span style="color:green"><strong>Verify Regiter Patient Page Page</strong></span>]]>
    </line>
    <line>
      <![CDATA[<img src=" C:\Users\RAJU CHELLE\git\repository\SeleniumDataDrivenMavenProjet\src\test\resources\screenshots\20241030081051.jpg">]]>
    </line>
    <line>
      <![CDATA[<span style="color:green"><strong>Verify Registration Details</strong></span>]]>
    </line>
    <line>
      <![CDATA[<img src=" C:\Users\RAJU CHELLE\git\repository\SeleniumDataDrivenMavenProjet\src\test\resources\screenshots\20241030081056.jpg">]]>
    </line>
    <line>
      <![CDATA[<span style="color:green"><strong>Verify Registered Details</strong></span>]]>
    </line>
    <line>
      <![CDATA[<img src=" C:\Users\RAJU CHELLE\git\repository\SeleniumDataDrivenMavenProjet\src\test\resources\screenshots\20241130081101.jpg">]]>
    </line>
  </reporter-output>
  <suite started-at="2024-03-30T08:09:03 IST" name="Suite" finished-at="2024-03-30T08:11:09 IST" duration-ms="126635">
    <groups>
      <group name="SanityTest">
        <method signature="OpenMRSDataDrivenTest.registerPatientTest(java.lang.String,java.lang.String,java.lang.String,java.lang.String,java.lang.String)[pri:0, instance:org.openmrs.demo.OpenMRSDataDrivenTest@13fd2ccd]" name="registerPatientTest" class="org.openmrs.demo.OpenMRSDataDrivenTest"/>
      </group> <!-- SanityTest -->
      <group name="SmokeTest">
        <method signature="OpenMRSDataDrivenTest.registerPatientTest(java.lang.String,java.lang.String,java.lang.String,java.lang.String,java.lang.String)[pri:0, instance:org.openmrs.demo.OpenMRSDataDrivenTest@13fd2ccd]" name="registerPatientTest" class="org.openmrs.demo.OpenMRSDataDrivenTest"/>
      </group> <!-- SmokeTest -->
      <group name="RegressionTest">
        <method signature="OpenMRSDataDrivenTest.registerPatientTest(java.lang.String,java.lang.String,java.lang.String,java.lang.String,java.lang.String)[pri:0, instance:org.openmrs.demo.OpenMRSDataDrivenTest@13fd2ccd]" name="registerPatientTest" class="org.openmrs.demo.OpenMRSDataDrivenTest"/>
      </group> <!-- RegressionTest -->
    </groups>
    <test started-at="2024-03-30T08:09:03 IST" name="Test" finished-at="2024-03-30T08:11:09 IST" duration-ms="126635">
      <class name="org.openmrs.demo.OpenMRSDataDrivenTest">
        <test-method is-config="true" signature="beforeSuite()[pri:0, instance:org.openmrs.demo.OpenMRSDataDrivenTest@13fd2ccd]" started-at="2024-03-30T08:09:03 IST" name="beforeSuite" finished-at="2024-03-30T08:09:03 IST" duration-ms="39" status="PASS">
          <reporter-output>
          </reporter-output>
        </test-method> <!-- beforeSuite -->
        <test-method is-config="true" signature="beforeTest()[pri:0, instance:org.openmrs.demo.OpenMRSDataDrivenTest@13fd2ccd]" started-at="2024-03-30T08:09:03 IST" name="beforeTest" finished-at="2024-03-30T08:09:11 IST" duration-ms="8011" status="PASS">
          <reporter-output>
          </reporter-output>
        </test-method> <!-- beforeTest -->
        <test-method is-config="true" signature="beforeClass()[pri:0, instance:org.openmrs.demo.OpenMRSDataDrivenTest@13fd2ccd]" started-at="2024-03-30T08:09:11 IST" name="beforeClass" finished-at="2024-03-30T08:09:46 IST" duration-ms="34836" status="PASS">
          <reporter-output>
          </reporter-output>
        </test-method> <!-- beforeClass -->
        <test-method is-config="true" signature="beforeMethod(java.lang.String,java.lang.String,java.lang.String)[pri:0, instance:org.openmrs.demo.OpenMRSDataDrivenTest@13fd2ccd]" started-at="2024-03-30T08:09:48 IST" name="beforeMethod" finished-at="2024-03-30T08:09:52 IST" duration-ms="3701" status="PASS">
          <params>
            <param index="0">
              <value>
                <![CDATA[Admin]]>
              </value>
            </param>
            <param index="1">
              <value>
                <![CDATA[Admin123]]>
              </value>
            </param>
            <param index="2">
              <value>
                <![CDATA[Registration Desk]]>
              </value>
            </param>
          </params>
          <reporter-output>
          </reporter-output>
        </test-method> <!-- beforeMethod -->
        <test-method signature="registerPatientTest(java.lang.String,java.lang.String,java.lang.String,java.lang.String,java.lang.String)[pri:0, instance:org.openmrs.demo.OpenMRSDataDrivenTest@13fd2ccd]" started-at="2024-03-30T08:09:52 IST" name="registerPatientTest" data-provider="RegisterPatientData" finished-at="2024-03-30T08:10:15 IST" duration-ms="23366" status="PASS">
          <params>
            <param index="0">
              <value>
                <![CDATA[Ramesh Babu, H]]>
              </value>
            </param>
            <param index="1">
              <value>
                <![CDATA[Male]]>
              </value>
            </param>
            <param index="2">
              <value>
                <![CDATA[26, December, 2000]]>
              </value>
            </param>
            <param index="3">
              <value>
                <![CDATA[Near HDFC bank\n S R Nagar,Hyderabad,Telanagana,India,500033]]>
              </value>
            </param>
            <param index="4">
              <value>
                <![CDATA[9876543210]]>
              </value>
            </param>
          </params>
          <reporter-output>
            <line>
              <![CDATA[<span style="color:green"><strong>Verify Home Page</strong></span>]]>
            </line>
            <line>
              <![CDATA[<img src=" C:\Users\RAJU CHELLE\git\repository\SeleniumDataDrivenMavenProjet\src\test\resources\screenshots\20240930080952.jpg">]]>
            </line>
            <line>
              <![CDATA[<span style="color:green"><strong>Verify Regiter Patient Page Page</strong></span>]]>
            </line>
            <line>
              <![CDATA[<img src=" C:\Users\RAJU CHELLE\git\repository\SeleniumDataDrivenMavenProjet\src\test\resources\screenshots\20240930080959.jpg">]]>
            </line>
            <line>
              <![CDATA[<span style="color:green"><strong>Verify Registration Details</strong></span>]]>
            </line>
            <line>
              <![CDATA[<img src=" C:\Users\RAJU CHELLE\git\repository\SeleniumDataDrivenMavenProjet\src\test\resources\screenshots\20241030081004.jpg">]]>
            </line>
            <line>
              <![CDATA[<span style="color:green"><strong>Verify Registered Details</strong></span>]]>
            </line>
            <line>
              <![CDATA[<img src=" C:\Users\RAJU CHELLE\git\repository\SeleniumDataDrivenMavenProjet\src\test\resources\screenshots\20241030081015.jpg">]]>
            </line>
          </reporter-output>
        </test-method> <!-- registerPatientTest -->
        <test-method is-config="true" signature="afterMethod()[pri:0, instance:org.openmrs.demo.OpenMRSDataDrivenTest@13fd2ccd]" started-at="2024-03-30T08:10:15 IST" name="afterMethod" finished-at="2024-03-30T08:10:22 IST" duration-ms="7238" status="PASS">
          <reporter-output>
          </reporter-output>
        </test-method> <!-- afterMethod -->
        <test-method is-config="true" signature="beforeMethod(java.lang.String,java.lang.String,java.lang.String)[pri:0, instance:org.openmrs.demo.OpenMRSDataDrivenTest@13fd2ccd]" started-at="2024-03-30T08:10:22 IST" name="beforeMethod" finished-at="2024-03-30T08:10:25 IST" duration-ms="2695" status="PASS">
          <params>
            <param index="0">
              <value>
                <![CDATA[Admin]]>
              </value>
            </param>
            <param index="1">
              <value>
                <![CDATA[Admin123]]>
              </value>
            </param>
            <param index="2">
              <value>
                <![CDATA[Registration Desk]]>
              </value>
            </param>
          </params>
          <reporter-output>
          </reporter-output>
        </test-method> <!-- beforeMethod -->
        <test-method signature="registerPatientTest(java.lang.String,java.lang.String,java.lang.String,java.lang.String,java.lang.String)[pri:0, instance:org.openmrs.demo.OpenMRSDataDrivenTest@13fd2ccd]" started-at="2024-03-30T08:10:25 IST" name="registerPatientTest" data-provider="RegisterPatientData" finished-at="2024-03-30T08:10:38 IST" duration-ms="12825" status="PASS">
          <params>
            <param index="0">
              <value>
                <![CDATA[Kishore Kumar, M]]>
              </value>
            </param>
            <param index="1">
              <value>
                <![CDATA[Male]]>
              </value>
            </param>
            <param index="2">
              <value>
                <![CDATA[10, November, 1998]]>
              </value>
            </param>
            <param index="3">
              <value>
                <![CDATA[Near Icici bank\n HitechCity,Hyderabad,Telanagana,India,500033]]>
              </value>
            </param>
            <param index="4">
              <value>
                <![CDATA[9876543211]]>
              </value>
            </param>
          </params>
          <reporter-output>
            <line>
              <![CDATA[<span style="color:green"><strong>Verify Home Page</strong></span>]]>
            </line>
            <line>
              <![CDATA[<img src=" C:\Users\RAJU CHELLE\git\repository\SeleniumDataDrivenMavenProjet\src\test\resources\screenshots\20241030081025.jpg">]]>
            </line>
            <line>
              <![CDATA[<span style="color:green"><strong>Verify Regiter Patient Page Page</strong></span>]]>
            </line>
            <line>
              <![CDATA[<img src=" C:\Users\RAJU CHELLE\git\repository\SeleniumDataDrivenMavenProjet\src\test\resources\screenshots\20241030081029.jpg">]]>
            </line>
            <line>
              <![CDATA[<span style="color:green"><strong>Verify Registration Details</strong></span>]]>
            </line>
            <line>
              <![CDATA[<img src=" C:\Users\RAJU CHELLE\git\repository\SeleniumDataDrivenMavenProjet\src\test\resources\screenshots\20241030081033.jpg">]]>
            </line>
            <line>
              <![CDATA[<span style="color:green"><strong>Verify Registered Details</strong></span>]]>
            </line>
            <line>
              <![CDATA[<img src=" C:\Users\RAJU CHELLE\git\repository\SeleniumDataDrivenMavenProjet\src\test\resources\screenshots\20241030081038.jpg">]]>
            </line>
          </reporter-output>
        </test-method> <!-- registerPatientTest -->
        <test-method is-config="true" signature="afterMethod()[pri:0, instance:org.openmrs.demo.OpenMRSDataDrivenTest@13fd2ccd]" started-at="2024-03-30T08:10:38 IST" name="afterMethod" finished-at="2024-03-30T08:10:45 IST" duration-ms="7273" status="PASS">
          <reporter-output>
          </reporter-output>
        </test-method> <!-- afterMethod -->
        <test-method is-config="true" signature="beforeMethod(java.lang.String,java.lang.String,java.lang.String)[pri:0, instance:org.openmrs.demo.OpenMRSDataDrivenTest@13fd2ccd]" started-at="2024-03-30T08:10:45 IST" name="beforeMethod" finished-at="2024-03-30T08:10:48 IST" duration-ms="2605" status="PASS">
          <params>
            <param index="0">
              <value>
                <![CDATA[Admin]]>
              </value>
            </param>
            <param index="1">
              <value>
                <![CDATA[Admin123]]>
              </value>
            </param>
            <param index="2">
              <value>
                <![CDATA[Registration Desk]]>
              </value>
            </param>
          </params>
          <reporter-output>
          </reporter-output>
        </test-method> <!-- beforeMethod -->
        <test-method signature="registerPatientTest(java.lang.String,java.lang.String,java.lang.String,java.lang.String,java.lang.String)[pri:0, instance:org.openmrs.demo.OpenMRSDataDrivenTest@13fd2ccd]" started-at="2024-03-30T08:10:48 IST" name="registerPatientTest" data-provider="RegisterPatientData" finished-at="2024-03-30T08:11:01 IST" duration-ms="13154" status="PASS">
          <params>
            <param index="0">
              <value>
                <![CDATA[Kumar Raju, Ch]]>
              </value>
            </param>
            <param index="1">
              <value>
                <![CDATA[Male]]>
              </value>
            </param>
            <param index="2">
              <value>
                <![CDATA[17, July, 2002]]>
              </value>
            </param>
            <param index="3">
              <value>
                <![CDATA[Near SBI bank\n Kukatpally,Hyderabad,Telanagana,India,500033]]>
              </value>
            </param>
            <param index="4">
              <value>
                <![CDATA[9876543212]]>
              </value>
            </param>
          </params>
          <reporter-output>
            <line>
              <![CDATA[<span style="color:green"><strong>Verify Home Page</strong></span>]]>
            </line>
            <line>
              <![CDATA[<img src=" C:\Users\RAJU CHELLE\git\repository\SeleniumDataDrivenMavenProjet\src\test\resources\screenshots\20241030081048.jpg">]]>
            </line>
            <line>
              <![CDATA[<span style="color:green"><strong>Verify Regiter Patient Page Page</strong></span>]]>
            </line>
            <line>
              <![CDATA[<img src=" C:\Users\RAJU CHELLE\git\repository\SeleniumDataDrivenMavenProjet\src\test\resources\screenshots\20241030081051.jpg">]]>
            </line>
            <line>
              <![CDATA[<span style="color:green"><strong>Verify Registration Details</strong></span>]]>
            </line>
            <line>
              <![CDATA[<img src=" C:\Users\RAJU CHELLE\git\repository\SeleniumDataDrivenMavenProjet\src\test\resources\screenshots\20241030081056.jpg">]]>
            </line>
            <line>
              <![CDATA[<span style="color:green"><strong>Verify Registered Details</strong></span>]]>
            </line>
            <line>
              <![CDATA[<img src=" C:\Users\RAJU CHELLE\git\repository\SeleniumDataDrivenMavenProjet\src\test\resources\screenshots\20241130081101.jpg">]]>
            </line>
          </reporter-output>
        </test-method> <!-- registerPatientTest -->
        <test-method is-config="true" signature="afterMethod()[pri:0, instance:org.openmrs.demo.OpenMRSDataDrivenTest@13fd2ccd]" started-at="2024-03-30T08:11:01 IST" name="afterMethod" finished-at="2024-03-30T08:11:08 IST" duration-ms="7356" status="PASS">
          <reporter-output>
          </reporter-output>
        </test-method> <!-- afterMethod -->
        <test-method is-config="true" signature="afterTest()[pri:0, instance:org.openmrs.demo.OpenMRSDataDrivenTest@13fd2ccd]" started-at="2024-03-30T08:11:08 IST" name="afterTest" finished-at="2024-03-30T08:11:09 IST" duration-ms="968" status="PASS">
          <reporter-output>
          </reporter-output>
        </test-method> <!-- afterTest -->
      </class> <!-- org.openmrs.demo.OpenMRSDataDrivenTest -->
    </test> <!-- Test -->
  </suite> <!-- Suite -->
</testng-results>
