<?xml version="1.0" encoding="UTF-8"?>
<!-- Generated by org.testng.reporters.JUnitXMLReporter -->
<testsuite ignored="2" hostname="Lenovo" failures="0" tests="2" name="Test(failed)" time="134.666" errors="0" timestamp="2024-03-22T09:46:03 IST">
  <testcase classname="org.openmrs.OpenMRSTestNGTest" name="registerPatientTest" time="17.782"/>
  <testcase classname="org.openmrs.OpenMRSTestNGTest" name="activeVisitsTest" time="52.21"/>
  <testcase classname="org.openmrs.OpenMRSTestNGTest" name="deletePatientTest" time="0.0">
    <ignored/>
  </testcase> <!-- deletePatientTest -->
  <testcase classname="org.openmrs.OpenMRSTestNGTest" name="findPatientTest" time="0.0">
    <ignored/>
  </testcase> <!-- findPatientTest -->
</testsuite> <!-- Test(failed) -->
