<?xml version="1.0" encoding="UTF-8"?>
<testsuite xmlns:xsi="http://www.w3.org/2001/XMLSchema-instance" xsi:noNamespaceSchemaLocation="https://maven.apache.org/surefire/maven-surefire-plugin/xsd/surefire-test-report.xsd" name="org.openmrs.demo.OpenMRSDataDrivenTest" time="15.699" tests="8" errors="0" skipped="3" failures="5">
  <properties>
[...]
</properties>
  <testcase name="beforeTest" classname="org.openmrs.demo.OpenMRSDataDrivenTest" time="4.23">
    <failure message="The driver executable does not exist: E:\TESTING\SELENIUM\AutomationTesting_Feb_2024_new\SeleniumDataDrivenMavenProjetnull" type="java.lang.IllegalStateException">java.lang.IllegalStateException: The driver executable does not exist: E:\TESTING\SELENIUM\AutomationTesting_Feb_2024_new\SeleniumDataDrivenMavenProjetnull
</failure>
    <system-out><![CDATA[Exception Occured while reading the test properties: class java.io.FileNotFoundException
]]></system-out>
    <system-err><![CDATA[SLF4J: No SLF4J providers were found.
SLF4J: Defaulting to no-operation (NOP) logger implementation
SLF4J: See https://www.slf4j.org/codes.html#noProviders for further details.
]]></system-err>
  </testcase>
  <testcase name="beforeClass" classname="org.openmrs.demo.OpenMRSDataDrivenTest" time="4.34">
    <failure type="java.lang.NullPointerException">java.lang.NullPointerException
</failure>
  </testcase>
  <testcase name="beforeMethod" classname="org.openmrs.demo.OpenMRSDataDrivenTest" time="4.527">
    <failure message="&#10;Parameter &apos;UserName&apos; is required by BeforeMethod on method beforeMethod but has not been marked @Optional or defined&#10;" type="org.testng.TestNGException">org.testng.TestNGException: 

Parameter 'UserName' is required by BeforeMethod on method beforeMethod but has not been marked @Optional or defined

</failure>
    <system-err><![CDATA[java.io.FileNotFoundException: E:\TESTING\SELENIUM\AutomationTesting_Feb_2024_new\SeleniumDataDrivenMavenProjetnull (The system cannot find the file specified)
	at java.base/java.io.FileInputStream.open0(Native Method)
	at java.base/java.io.FileInputStream.open(FileInputStream.java:219)
	at java.base/java.io.FileInputStream.<init>(FileInputStream.java:157)
	at openmrs.page.objects.Utilities.readDataFromExcel(Utilities.java:18)
	at org.openmrs.demo.OpenMRSDataDrivenBaseTest.registerPatientData(OpenMRSDataDrivenBaseTest.java:118)
	at java.base/jdk.internal.reflect.NativeMethodAccessorImpl.invoke0(Native Method)
	at java.base/jdk.internal.reflect.NativeMethodAccessorImpl.invoke(NativeMethodAccessorImpl.java:62)
	at java.base/jdk.internal.reflect.DelegatingMethodAccessorImpl.invoke(DelegatingMethodAccessorImpl.java:43)
	at java.base/java.lang.reflect.Method.invoke(Method.java:566)
	at org.testng.internal.invokers.MethodInvocationHelper.invokeMethod(MethodInvocationHelper.java:139)
	at org.testng.internal.invokers.MethodInvocationHelper.invokeMethod(MethodInvocationHelper.java:84)
	at org.testng.internal.invokers.MethodInvocationHelper.invokeMethodNoCheckedException(MethodInvocationHelper.java:53)
	at org.testng.internal.invokers.MethodInvocationHelper.invokeDataProvider(MethodInvocationHelper.java:157)
	at org.testng.internal.Parameters.handleParameters(Parameters.java:803)
	at org.testng.internal.Parameters.handleParameters(Parameters.java:728)
	at org.testng.internal.invokers.ParameterHandler.handleParameters(ParameterHandler.java:72)
	at org.testng.internal.invokers.ParameterHandler.createParameters(ParameterHandler.java:51)
	at org.testng.internal.invokers.TestInvoker$MethodInvocationAgent.invoke(TestInvoker.java:911)
	at org.testng.internal.invokers.TestInvoker.invokeTestMethods(TestInvoker.java:200)
	at org.testng.internal.invokers.TestMethodWorker.invokeTestMethods(TestMethodWorker.java:148)
	at org.testng.internal.invokers.TestMethodWorker.run(TestMethodWorker.java:128)
	at java.base/java.util.ArrayList.forEach(ArrayList.java:1541)
	at org.testng.TestRunner.privateRun(TestRunner.java:848)
	at org.testng.TestRunner.run(TestRunner.java:621)
	at org.testng.SuiteRunner.runTest(SuiteRunner.java:443)
	at org.testng.SuiteRunner.runSequentially(SuiteRunner.java:437)
	at org.testng.SuiteRunner.privateRun(SuiteRunner.java:397)
	at org.testng.SuiteRunner.run(SuiteRunner.java:336)
	at org.testng.SuiteRunnerWorker.runSuite(SuiteRunnerWorker.java:52)
	at org.testng.SuiteRunnerWorker.run(SuiteRunnerWorker.java:95)
	at org.testng.TestNG.runSuitesSequentially(TestNG.java:1280)
	at org.testng.TestNG.runSuitesLocally(TestNG.java:1200)
	at org.testng.TestNG.runSuites(TestNG.java:1114)
	at org.testng.TestNG.run(TestNG.java:1082)
	at org.apache.maven.surefire.testng.TestNGExecutor.run(TestNGExecutor.java:135)
	at org.apache.maven.surefire.testng.TestNGDirectoryTestSuite.executeSingleClass(TestNGDirectoryTestSuite.java:112)
	at org.apache.maven.surefire.testng.TestNGDirectoryTestSuite.execute(TestNGDirectoryTestSuite.java:99)
	at org.apache.maven.surefire.testng.TestNGProvider.invoke(TestNGProvider.java:146)
	at org.apache.maven.surefire.booter.ForkedBooter.invokeProviderInSameClassLoader(ForkedBooter.java:384)
	at org.apache.maven.surefire.booter.ForkedBooter.runSuitesInProcess(ForkedBooter.java:345)
	at org.apache.maven.surefire.booter.ForkedBooter.execute(ForkedBooter.java:126)
	at org.apache.maven.surefire.booter.ForkedBooter.main(ForkedBooter.java:418)
]]></system-err>
  </testcase>
  <testcase name="beforeMethod" classname="org.openmrs.demo.OpenMRSDataDrivenTest" time="5.041">
    <failure message="&#10;Parameter &apos;UserName&apos; is required by BeforeMethod on method beforeMethod but has not been marked @Optional or defined&#10;" type="org.testng.TestNGException">org.testng.TestNGException: 

Parameter 'UserName' is required by BeforeMethod on method beforeMethod but has not been marked @Optional or defined

</failure>
    <system-out><![CDATA[Exception Occured while clicking Logout:  class java.lang.NullPointerException
]]></system-out>
  </testcase>
  <testcase name="activeVisitsTest" classname="org.openmrs.demo.OpenMRSDataDrivenTest" time="0">
    <skipped message="The driver executable does not exist: E:\TESTING\SELENIUM\AutomationTesting_Feb_2024_new\SeleniumDataDrivenMavenProjetnull"/>
  </testcase>
  <testcase name="findPatientTest" classname="org.openmrs.demo.OpenMRSDataDrivenTest" time="0">
    <skipped message="The driver executable does not exist: E:\TESTING\SELENIUM\AutomationTesting_Feb_2024_new\SeleniumDataDrivenMavenProjetnull"/>
  </testcase>
  <testcase name="deletePatientTest" classname="org.openmrs.demo.OpenMRSDataDrivenTest" time="0">
    <skipped message="Method org.openmrs.demo.OpenMRSDataDrivenTest.deletePatientTest() on instance org.openmrs.demo.OpenMRSDataDrivenTest@77eca502 depends on not successfully finished methods &#10;[org.openmrs.demo.OpenMRSDataDrivenTest.registerPatientTest() on instance org.openmrs.demo.OpenMRSDataDrivenTest@77eca502&#10;org.openmrs.demo.OpenMRSDataDrivenTest.findPatientTest() on instance org.openmrs.demo.OpenMRSDataDrivenTest@77eca502]"/>
    <system-out><![CDATA[Exception Occured while clicking Logout:  class java.lang.NullPointerException
]]></system-out>
  </testcase>
  <testcase name="afterTest" classname="org.openmrs.demo.OpenMRSDataDrivenTest" time="0.004">
    <failure type="java.lang.NullPointerException">java.lang.NullPointerException
</failure>
  </testcase>
</testsuite>